This is pdfTeX, Version 3.14159265-2.6-1.40.17 (TeX Live 2016/Arch Linux) (preloaded format=pdflatex 2017.5.15)  28 MAY 2017 22:21
entering extended mode
 restricted \write18 enabled.
 file:line:error style messages enabled.
 %&-line parsing enabled.
**/home/someone/Documents/Repositories/GitHub/Debian-server/report/src/services
_flymake.tex

(/home/someone/Documents/Repositories/GitHub/Debian-server/report/src/services_
flymake.tex
LaTeX2e <2017/01/01> patch level 3
Babel <3.9r> and hyphenation patterns for 83 language(s) loaded.
/home/someone/Documents/Repositories/GitHub/Debian-server/report/src/services_f
lymake.tex:1: Undefined control sequence.
l.1 \section
            {Services}
The control sequence at the end of the top line
of your error message was never \def'ed. If you have
misspelled it (e.g., `\hobx'), type `I' and the correct
spelling (e.g., `I\hbox'). Otherwise just continue,
and I'll forget about whatever was undefined.


/home/someone/Documents/Repositories/GitHub/Debian-server/report/src/services_f
lymake.tex:1: LaTeX Error: Missing \begin{document}.

See the LaTeX manual or LaTeX Companion for explanation.
Type  H <return>  for immediate help.
 ...                                              
                                                  
l.1 \section{S
              ervices}
You're in trouble here.  Try typing  <return>  to proceed.
If that doesn't work, type  X <return>  to quit.

Missing character: There is no S in font nullfont!
Missing character: There is no e in font nullfont!
Missing character: There is no r in font nullfont!
Missing character: There is no v in font nullfont!
Missing character: There is no i in font nullfont!
Missing character: There is no c in font nullfont!
Missing character: There is no e in font nullfont!
Missing character: There is no s in font nullfont!

Overfull \hbox (20.0pt too wide) in paragraph at lines 1--3
[]
 []


! LaTeX Error: File `src/services/ntp.tex' not found.

Type X to quit or <RETURN> to proceed,
or enter new name. (Default extension: tex)

Enter file name: 
/home/someone/Documents/Repositories/GitHub/Debian-server/report/src/services_f
lymake.tex:4: Emergency stop.
<read *> 
         
l.4 \input{src/services/ntp}
                            ^^M
*** (cannot \read from terminal in nonstop modes)

 
Here is how much of TeX's memory you used:
 8 strings out of 493013
 395 string characters out of 6139317
 53646 words of memory out of 5000000
 3649 multiletter control sequences out of 15000+600000
 3640 words of font info for 14 fonts, out of 8000000 for 9000
 1141 hyphenation exceptions out of 8191
 5i,0n,4p,116b,16s stack positions out of 5000i,500n,10000p,200000b,80000s
/home/someone/Documents/Repositories/GitHub/Debian-server/report/src/services_f
lymake.tex:4:  ==> Fatal error occurred, no output PDF file produced!
