\BOOKMARK [1][-]{section.1}{Pr\351sentation g\351n\351rale du projet}{}% 1
\BOOKMARK [2][-]{subsection.1.1}{Introduction}{section.1}% 2
\BOOKMARK [2][-]{subsection.1.2}{D\351ontologie}{section.1}% 3
\BOOKMARK [2][-]{subsection.1.3}{S\351curit\351}{section.1}% 4
\BOOKMARK [1][-]{section.2}{Choix}{}% 5
\BOOKMARK [2][-]{subsection.2.1}{Distribution}{section.2}% 6
\BOOKMARK [2][-]{subsection.2.2}{Langue}{section.2}% 7
\BOOKMARK [2][-]{subsection.2.3}{Noyau}{section.2}% 8
\BOOKMARK [2][-]{subsection.2.4}{Partitionnement}{section.2}% 9
\BOOKMARK [2][-]{subsection.2.5}{Sauvegardes}{section.2}% 10
\BOOKMARK [1][-]{section.3}{Services}{}% 11
\BOOKMARK [2][-]{subsection.3.1}{NTP}{section.3}% 12
\BOOKMARK [3][-]{subsubsection.3.1.1}{Principe}{subsection.3.1}% 13
\BOOKMARK [3][-]{subsubsection.3.1.2}{Configuration du serveur}{subsection.3.1}% 14
\BOOKMARK [3][-]{subsubsection.3.1.3}{Configuration du client}{subsection.3.1}% 15
\BOOKMARK [2][-]{subsection.3.2}{SSH}{section.3}% 16
\BOOKMARK [3][-]{subsubsection.3.2.1}{Type d'authentification}{subsection.3.2}% 17
\BOOKMARK [3][-]{subsubsection.3.2.2}{Impl\351mentation}{subsection.3.2}% 18
\BOOKMARK [2][-]{subsection.3.3}{NFS}{section.3}% 19
\BOOKMARK [3][-]{subsubsection.3.3.1}{Constatation}{subsection.3.3}% 20
\BOOKMARK [3][-]{subsubsection.3.3.2}{Configuration c\364t\351 serveur}{subsection.3.3}% 21
\BOOKMARK [3][-]{subsubsection.3.3.3}{Configuration c\364t\351 client}{subsection.3.3}% 22
\BOOKMARK [2][-]{subsection.3.4}{Samba}{section.3}% 23
\BOOKMARK [3][-]{subsubsection.3.4.1}{Configuration}{subsection.3.4}% 24
\BOOKMARK [2][-]{subsection.3.5}{Quotas}{section.3}% 25
\BOOKMARK [2][-]{subsection.3.6}{Base de donn\351es}{section.3}% 26
\BOOKMARK [3][-]{subsubsection.3.6.1}{Mise en place}{subsection.3.6}% 27
\BOOKMARK [2][-]{subsection.3.7}{Serveur Web}{section.3}% 28
\BOOKMARK [2][-]{subsection.3.8}{FTP}{section.3}% 29
\BOOKMARK [3][-]{subsubsection.3.8.1}{Choix du serveur}{subsection.3.8}% 30
\BOOKMARK [3][-]{subsubsection.3.8.2}{Configuration}{subsection.3.8}% 31
\BOOKMARK [2][-]{subsection.3.9}{DNS}{section.3}% 32
\BOOKMARK [3][-]{subsubsection.3.9.1}{S\351lection du DNS}{subsection.3.9}% 33
\BOOKMARK [3][-]{subsubsection.3.9.2}{Mise en place}{subsection.3.9}% 34
\BOOKMARK [1][-]{section*.2}{R\351f\351rences}{}% 35
