\BOOKMARK [1][-]{section.0.1}{Présentation générale du projet}{}% 1
\BOOKMARK [2][-]{subsection.0.1.1}{Introduction}{section.0.1}% 2
\BOOKMARK [2][-]{subsection.0.1.2}{Déontologie}{section.0.1}% 3
\BOOKMARK [2][-]{subsection.0.1.3}{Sécurité}{section.0.1}% 4
\BOOKMARK [1][-]{section.0.2}{Choix}{}% 5
\BOOKMARK [2][-]{subsection.0.2.1}{Distribution}{section.0.2}% 6
\BOOKMARK [2][-]{subsection.0.2.2}{Langue}{section.0.2}% 7
\BOOKMARK [2][-]{subsection.0.2.3}{Noyau}{section.0.2}% 8
\BOOKMARK [2][-]{subsection.0.2.4}{Partitionnement}{section.0.2}% 9
\BOOKMARK [2][-]{subsection.0.2.5}{Quotas}{section.0.2}% 10
\BOOKMARK [1][-]{section.0.3}{Sauvegardes}{}% 11
\BOOKMARK [1][-]{section.0.4}{Mise en œuvre}{}% 12
\BOOKMARK [1][-]{section.0.5}{Services}{}% 13
\BOOKMARK [2][-]{subsection.0.5.1}{NTP}{section.0.5}% 14
\BOOKMARK [2][-]{subsection.0.5.2}{SSH}{section.0.5}% 15
\BOOKMARK [2][-]{subsection.0.5.3}{NFS}{section.0.5}% 16
\BOOKMARK [2][-]{subsection.0.5.4}{Samba}{section.0.5}% 17
\BOOKMARK [2][-]{subsection.0.5.5}{Base de données}{section.0.5}% 18
\BOOKMARK [2][-]{subsection.0.5.6}{Serveur\040Web}{section.0.5}% 19
\BOOKMARK [2][-]{subsection.0.5.7}{FTP}{section.0.5}% 20
\BOOKMARK [2][-]{subsection.0.5.8}{DNS}{section.0.5}% 21
\BOOKMARK [1][-]{section*.17}{Références}{}% 22
